# JRE version: Java(TM) SE Runtime Environment (19.0.1+10) (build 19.0.1+10-21)
# Java VM: Java HotSpot(TM) 64-Bit Server VM (19.0.1+10-21, mixed mode, sharing, tiered, compressed oops, compressed class ptrs, g1 gc, windows-amd64)
GC Precious Log:
 CardTable entry size: 512
 Card Set container configuration: InlinePtr #cards 5 size 8 Array Of Cards #cards 12 size 40 Howl #buckets 4 coarsen threshold 1843 Howl Bitmap #cards 512 size 80 coarsen threshold 460 Card regions per heap region 1 cards per card region 2048
 CPUs: 4 total, 4 available
 Memory: 4003M
 Large Page Support: Disabled
 NUMA Support: Disabled
 Compressed Oops: Enabled (32-bit)
 Heap Region Size: 1M
 Heap Min Capacity: 8M
 Heap Initial Capacity: 64M
 Heap Max Capacity: 1002M
 Pre-touch: Disabled
 Parallel Workers: 4
 Concurrent Workers: 1
 Concurrent Refinement Workers: 4
 Periodic GC: Disabled
Heap:
 garbage-first heap   total 54272K, used 31212K [0x00000000c1600000, 0x0000000100000000)
  region size 1024K, 11 young (11264K), 3 survivors (3072K)
 Metaspace       used 57676K, committed 58112K, reserved 1114112K
  class space    used 7301K, committed 7488K, reserved 1048576K
GC Heap History (20 events):
Event: 9.811 GC heap before
{Heap before GC invocations=14 (full 0):
 garbage-first heap   total 54272K, used 21680K [0x00000000c1600000, 0x0000000100000000)
  region size 1024K, 9 young (9216K), 3 survivors (3072K)
 Metaspace       used 35691K, committed 35968K, reserved 1114112K
  class space    used 4420K, committed 4544K, reserved 1048576K
}
Event: 9.816 GC heap after
{Heap after GC invocations=15 (full 0):
 garbage-first heap   total 54272K, used 16975K [0x00000000c1600000, 0x0000000100000000)
  region size 1024K, 2 young (2048K), 2 survivors (2048K)
 Metaspace       used 35691K, committed 35968K, reserved 1114112K
  class space    used 4420K, committed 4544K, reserved 1048576K
}
Event: 11.182 GC heap before
{Heap before GC invocations=16 (full 0):
 garbage-first heap   total 54272K, used 42575K [0x00000000c1600000, 0x0000000100000000)
  region size 1024K, 27 young (27648K), 2 survivors (2048K)
 Metaspace       used 41181K, committed 41536K, reserved 1114112K
  class space    used 5061K, committed 5184K, reserved 1048576K
}
Event: 11.187 GC heap after
{Heap after GC invocations=17 (full 0):
 garbage-first heap   total 54272K, used 18111K [0x00000000c1600000, 0x0000000100000000)
  region size 1024K, 3 young (3072K), 3 survivors (3072K)
 Metaspace       used 41181K, committed 41536K, reserved 1114112K
  class space    used 5061K, committed 5184K, reserved 1048576K
}
Event: 11.249 GC heap before
{Heap before GC invocations=17 (full 0):
 garbage-first heap   total 54272K, used 19135K [0x00000000c1600000, 0x0000000100000000)
  region size 1024K, 4 young (4096K), 3 survivors (3072K)
 Metaspace       used 41327K, committed 41728K, reserved 1114112K
  class space    used 5088K, committed 5248K, reserved 1048576K
}
Event: 11.255 GC heap after
{Heap after GC invocations=18 (full 0):
 garbage-first heap   total 54272K, used 18128K [0x00000000c1600000, 0x0000000100000000)
  region size 1024K, 1 young (1024K), 1 survivors (1024K)
 Metaspace       used 41327K, committed 41728K, reserved 1114112K
  class space    used 5088K, committed 5248K, reserved 1048576K
}
Event: 11.948 GC heap before
{Heap before GC invocations=18 (full 0):
 garbage-first heap   total 54272K, used 41680K [0x00000000c1600000, 0x0000000100000000)
  region size 1024K, 25 young (25600K), 1 survivors (1024K)
 Metaspace       used 43670K, committed 44032K, reserved 1114112K
  class space    used 5435K, committed 5568K, reserved 1048576K
}
Event: 11.951 GC heap after
{Heap after GC invocations=19 (full 0):
 garbage-first heap   total 54272K, used 18581K [0x00000000c1600000, 0x0000000100000000)
  region size 1024K, 1 young (1024K), 1 survivors (1024K)
 Metaspace       used 43670K, committed 44032K, reserved 1114112K
  class space    used 5435K, committed 5568K, reserved 1048576K
}
Event: 12.990 GC heap before
{Heap before GC invocations=19 (full 0):
 garbage-first heap   total 54272K, used 42133K [0x00000000c1600000, 0x0000000100000000)
  region size 1024K, 25 young (25600K), 1 survivors (1024K)
 Metaspace       used 46445K, committed 46784K, reserved 1114112K
  class space    used 5763K, committed 5888K, reserved 1048576K
}
Event: 12.994 GC heap after
{Heap after GC invocations=20 (full 0):
 garbage-first heap   total 54272K, used 19367K [0x00000000c1600000, 0x0000000100000000)
  region size 1024K, 2 young (2048K), 2 survivors (2048K)
 Metaspace       used 46445K, committed 46784K, reserved 1114112K
  class space    used 5763K, committed 5888K, reserved 1048576K
}
Event: 13.987 GC heap before
{Heap before GC invocations=20 (full 0):
 garbage-first heap   total 54272K, used 42919K [0x00000000c1600000, 0x0000000100000000)
  region size 1024K, 25 young (25600K), 2 survivors (2048K)
 Metaspace       used 48718K, committed 49088K, reserved 1114112K
  class space    used 6192K, committed 6336K, reserved 1048576K
}
Event: 13.991 GC heap after
{Heap after GC invocations=21 (full 0):
 garbage-first heap   total 54272K, used 19598K [0x00000000c1600000, 0x0000000100000000)
  region size 1024K, 2 young (2048K), 2 survivors (2048K)
 Metaspace       used 48718K, committed 49088K, reserved 1114112K
  class space    used 6192K, committed 6336K, reserved 1048576K
}
Event: 15.554 GC heap before
{Heap before GC invocations=21 (full 0):
 garbage-first heap   total 54272K, used 43150K [0x00000000c1600000, 0x0000000100000000)
  region size 1024K, 26 young (26624K), 2 survivors (2048K)
 Metaspace       used 51166K, committed 51584K, reserved 1114112K
  class space    used 6471K, committed 6656K, reserved 1048576K
}
Event: 15.560 GC heap after
{Heap after GC invocations=22 (full 0):
 garbage-first heap   total 54272K, used 20694K [0x00000000c1600000, 0x0000000100000000)
  region size 1024K, 3 young (3072K), 3 survivors (3072K)
 Metaspace       used 51166K, committed 51584K, reserved 1114112K
  class space    used 6471K, committed 6656K, reserved 1048576K
}
Event: 16.347 GC heap before
{Heap before GC invocations=22 (full 0):
 garbage-first heap   total 54272K, used 44246K [0x00000000c1600000, 0x0000000100000000)
  region size 1024K, 26 young (26624K), 3 survivors (3072K)
 Metaspace       used 53003K, committed 53440K, reserved 1114112K
  class space    used 6750K, committed 6976K, reserved 1048576K
}
Event: 16.354 GC heap after
{Heap after GC invocations=23 (full 0):
 garbage-first heap   total 54272K, used 21759K [0x00000000c1600000, 0x0000000100000000)
  region size 1024K, 4 young (4096K), 4 survivors (4096K)
 Metaspace       used 53003K, committed 53440K, reserved 1114112K
  class space    used 6750K, committed 6976K, reserved 1048576K
}
Event: 16.790 GC heap before
{Heap before GC invocations=23 (full 0):
 garbage-first heap   total 54272K, used 42239K [0x00000000c1600000, 0x0000000100000000)
  region size 1024K, 24 young (24576K), 4 survivors (4096K)
 Metaspace       used 54558K, committed 55040K, reserved 1114112K
  class space    used 6949K, committed 7168K, reserved 1048576K
}
Event: 16.798 GC heap after
{Heap after GC invocations=24 (full 0):
 garbage-first heap   total 54272K, used 22914K [0x00000000c1600000, 0x0000000100000000)
  region size 1024K, 3 young (3072K), 3 survivors (3072K)
 Metaspace       used 54558K, committed 55040K, reserved 1114112K
  class space    used 6949K, committed 7168K, reserved 1048576K
}
Event: 23.788 GC heap before
{Heap before GC invocations=24 (full 0):
 garbage-first heap   total 54272K, used 43394K [0x00000000c1600000, 0x0000000100000000)
  region size 1024K, 24 young (24576K), 3 survivors (3072K)
 Metaspace       used 56645K, committed 57024K, reserved 1114112K
  class space    used 7193K, committed 7360K, reserved 1048576K
}
Event: 23.794 GC heap after
{Heap after GC invocations=25 (full 0):
 garbage-first heap   total 54272K, used 24044K [0x00000000c1600000, 0x0000000100000000)
  region size 1024K, 3 young (3072K), 3 survivors (3072K)
 Metaspace       used 56645K, committed 57024K, reserved 1114112K
  class space    used 7193K, committed 7360K, reserved 1048576K
}

